COMPILER INSTRUCTIONS:
    0: INC 97
    1: INC 97
    2: INC 97
    3: INC 97
    4: INC 97
    5: INC 97
    6: INC 97
    7: INC 97
    8: INC 97
    9: INC 97
    10: PRT 97
    11: ADD 98 97
    12: CLR 97
    13: INC 97
    14: DJZ 98 21
    15: ADD 99 97
    16: CLR 97
    17: ADD 97 99
    18: ADD 97 99
    19: CLR 99
    20: JMP 14
    21: PRT 97
    22: ADD 98 97
    23: CLR 97
    24: INC 97
    25: DJZ 98 32
    26: ADD 99 97
    27: CLR 97
    28: ADD 97 99
    29: ADD 97 99
    30: CLR 99
    31: JMP 25
    32: PRT 97
    33: HLT
10
1024
557236458589006500076622839429462693857943839886540610261911040645979492350492580598013919609707450533097154314536413448946823670168348381567780772998120355081770367049670688715806912180480332825688982405502976594051337801900890323359207990031662268101158255017364770753440803762716689208504500172185328660907425093411849558420486274025040748899556324694309619283830512559762298163159527152877483048792017944932245258372074289052027744538220560883295063603371954788535222944137216
